Starting our own testrpc instance at port 8555
Generating coverage environment
Instrumenting  ./coverageEnv/contracts/Algorithms/TokenSCADA1Market.sol
Instrumenting  ./coverageEnv/contracts/Algorithms/TokenSCADAGeneric.sol
Instrumenting  ./coverageEnv/contracts/ApplicationAsset.sol
Instrumenting  ./coverageEnv/contracts/ApplicationEntity.sol
Instrumenting  ./coverageEnv/contracts/ApplicationEntityABI.sol
Instrumenting  ./coverageEnv/contracts/Entity/Funding.sol
Instrumenting  ./coverageEnv/contracts/Entity/FundingManager.sol
Instrumenting  ./coverageEnv/contracts/Entity/FundingVault.sol
Instrumenting  ./coverageEnv/contracts/Entity/GeneralVault.sol
Instrumenting  ./coverageEnv/contracts/Entity/ListingContract.sol
Instrumenting  ./coverageEnv/contracts/Entity/Meetings.sol
Instrumenting  ./coverageEnv/contracts/Entity/Milestones.sol
Instrumenting  ./coverageEnv/contracts/Entity/NewsContract.sol
Instrumenting  ./coverageEnv/contracts/Entity/Proposals.sol
Instrumenting  ./coverageEnv/contracts/Entity/Token.sol
Instrumenting  ./coverageEnv/contracts/Entity/TokenManager.sol
Instrumenting  ./coverageEnv/contracts/GatewayInterface.sol
Instrumenting  ./coverageEnv/contracts/Inputs/FundingInputDirect.sol
Instrumenting  ./coverageEnv/contracts/Inputs/FundingInputGeneral.sol
Instrumenting  ./coverageEnv/contracts/Inputs/FundingInputMilestone.sol
Skipping instrumentation of  ./coverageEnv/contracts/misc/Migrations.sol
Skipping instrumentation of  ./coverageEnv/contracts/zeppelin/math/Math.sol
Instrumenting  ./coverageEnv/contracts/zeppelin/math/SafeMath.sol
Instrumenting  ./coverageEnv/contracts/zeppelin/token/BasicToken.sol
Instrumenting  ./coverageEnv/contracts/zeppelin/token/ERC20.sol
Instrumenting  ./coverageEnv/contracts/zeppelin/token/ERC20Basic.sol
Instrumenting  ./coverageEnv/contracts/zeppelin/token/StandardToken.sol
Running: node --max-old-space-size=4096 ../node_modules/.bin/truffle test --network coverage
(this can take a few seconds)...
Using network 'coverage'.

Compiling ./contracts/Algorithms/TokenSCADA1Market.sol...
Compiling ./contracts/Algorithms/TokenSCADAGeneric.sol...
Compiling ./contracts/ApplicationAsset.sol...
Compiling ./contracts/ApplicationEntity.sol...
Compiling ./contracts/ApplicationEntityABI.sol...
Compiling ./contracts/Entity/Funding.sol...
Compiling ./contracts/Entity/FundingManager.sol...
Compiling ./contracts/Entity/FundingVault.sol...
Compiling ./contracts/Entity/GeneralVault.sol...
Compiling ./contracts/Entity/ListingContract.sol...
Compiling ./contracts/Entity/Meetings.sol...
Compiling ./contracts/Entity/Milestones.sol...
Compiling ./contracts/Entity/NewsContract.sol...
Compiling ./contracts/Entity/Proposals.sol...
Compiling ./contracts/Entity/Token.sol...
Compiling ./contracts/Entity/TokenManager.sol...
Compiling ./contracts/GatewayInterface.sol...
Compiling ./contracts/Inputs/FundingInputDirect.sol...
Compiling ./contracts/Inputs/FundingInputGeneral.sol...
Compiling ./contracts/Inputs/FundingInputMilestone.sol...
Compiling ./contracts/misc/Migrations.sol...
Compiling ./contracts/zeppelin/math/Math.sol...
Compiling ./contracts/zeppelin/math/SafeMath.sol...
Compiling ./contracts/zeppelin/token/BasicToken.sol...
Compiling ./contracts/zeppelin/token/ERC20.sol...
Compiling ./contracts/zeppelin/token/ERC20Basic.sol...
Compiling ./contracts/zeppelin/token/StandardToken.sol...
Compiling ./test/helpers/ExecutionTarget.sol...
Compiling ./test/helpers/SolidityAccountUtils.sol...
Compiling ./test/mocks/EmptyStub.sol...
Compiling ./test/mocks/GenericCaller.sol...
Compiling ./test/mocks/SafeMathMock.sol...
Compiling ./test/mocks/SampleRecipientSuccess.sol...
Compiling ./test/mocks/SampleRecipientThrow.sol...
Compiling ./test/mocks/TestApplicationAsset.sol...
Compiling ./test/mocks/TestApplicationEntity.sol...
Compiling ./test/mocks/TestApplicationEntityABI.sol...
Compiling ./test/mocks/TestApplicationEntityBad.sol...
Compiling ./test/mocks/TestERC20Caller.sol...
Compiling ./test/mocks/TestFunding.sol...
Compiling ./test/mocks/TestFundingInputMock.sol...
Compiling ./test/mocks/TestFundingManager.sol...
Compiling ./test/mocks/TestFundingVault.sol...
Compiling ./test/mocks/TestGatewayInterface.sol...
Compiling ./test/mocks/TestGeneralVault.sol...
Compiling ./test/mocks/TestListingContract.sol...
Compiling ./test/mocks/TestMeetings.sol...
Compiling ./test/mocks/TestMilestones.sol...
Compiling ./test/mocks/TestNewsContract.sol...
Compiling ./test/mocks/TestProposals.sol...
Compiling ./test/mocks/TestToken.sol...
Compiling ./test/mocks/TestTokenManager.sol...
Compiling ./test/mocks/TestTokenSCADA1Market.sol...

Compilation warnings encountered:

/Volumes/Dev/ico/dev/coverageEnv/contracts/zeppelin/math/Math.sol:9:3: Warning: Function state mutability can be restricted to pure
  function max64(uint64 a, uint64 b) internal returns (uint64) {
  ^
Spanning multiple lines.
,/Volumes/Dev/ico/dev/coverageEnv/contracts/zeppelin/math/Math.sol:13:3: Warning: Function state mutability can be restricted to pure
  function min64(uint64 a, uint64 b) internal returns (uint64) {
  ^
Spanning multiple lines.
,/Volumes/Dev/ico/dev/coverageEnv/contracts/zeppelin/math/Math.sol:17:3: Warning: Function state mutability can be restricted to pure
  function max256(uint256 a, uint256 b) internal returns (uint256) {
  ^
Spanning multiple lines.
,/Volumes/Dev/ico/dev/coverageEnv/contracts/zeppelin/math/Math.sol:21:3: Warning: Function state mutability can be restricted to pure
  function min256(uint256 a, uint256 b) internal returns (uint256) {
  ^
Spanning multiple lines.
,/Volumes/Dev/ico/dev/coverageEnv/test/helpers/SolidityAccountUtils.sol:8:5: Warning: Function state mutability can be restricted to view
    function getBalance(address _address) public returns (uint256) {
    ^
Spanning multiple lines.
,/Volumes/Dev/ico/dev/coverageEnv/test/mocks/TestApplicationEntity.sol:54:5: Warning: Function state mutability can be restricted to view
    function getTimestamp() public returns (uint256) {
    ^
Spanning multiple lines.

[1;37m 
  ---------------------------------------------------------------- [0m
[1;37m   Running test collections [[0;33m20[0m]. [0m
[1;37m  ---------------------------------------------------------------- [0m

[0m[0m
[0m  Contract: ERC20 Token[0m
  [32m  ✓[0m[90m creation: in contract settings should match constructor parameters[0m[31m (231ms)[0m
  [32m  ✓[0m[90m creation: should create a correct initial balance for the creator[0m[33m (53ms)[0m
  [32m  ✓[0m[90m creation: test correct setting of vanity information[0m[31m (122ms)[0m
  [32m  ✓[0m[90m creation: should succeed in creating over 2^256 - 1 (max) tokens[0m[31m (83ms)[0m
  [32m  ✓[0m[90m transfers: ether transfer should be reversed.[0m[33m (38ms)[0m
  [32m  ✓[0m[90m transfers: should transfer 10000 to accounts[1] with accounts[0] having 10000[0m[33m (64ms)[0m
  [32m  ✓[0m[90m transfers: should fail when trying to transfer total amount +1 to accounts[1] with accounts[0] having total amount[0m[31m (79ms)[0m
  [32m  ✓[0m[90m transfers: should handle zero-transfers normally[0m[31m (77ms)[0m
  [32m  ✓[0m[90m transfers: should throw if receiver address is 0x0[0m
  [32m  ✓[0m[90m transferFrom: should throw if receiver address is 0x0[0m[33m (55ms)[0m
  [32m  ✓[0m[90m transfer: msg.sender should transfer 100 to SampleRecipient and then NOTIFY SampleRecipient. It should succeed.[0m[31m (131ms)[0m
  [32m  ✓[0m[90m transfer: msg.sender should transfer 100 to SampleRecipient and then NOTIFY SampleRecipient and throw if called as view method.[0m[31m (87ms)[0m
  [32m  ✓[0m[90m approvals: msg.sender should approve 100 to accounts[1][0m[33m (54ms)[0m
  [32m  ✓[0m[90m approvals: msg.sender approves accounts[1] of 100 & withdraws 20 once.[0m[31m (322ms)[0m
  [32m  ✓[0m[90m approvals: msg.sender approves accounts[1] of 100 & withdraws 20 twice.[0m[31m (310ms)[0m
  [32m  ✓[0m[90m approvals: msg.sender approves accounts[1] of 100 & withdraws 50 & 60 (2nd tx should fail)[0m[31m (261ms)[0m
  [32m  ✓[0m[90m approvals: attempt withdrawal from account with no allowance (should fail)[0m[31m (78ms)[0m
  [32m  ✓[0m[90m approvals: allow accounts[1] 100 to withdraw from accounts[0]. Withdraw 60 and then approve 0 & attempt transfer.[0m[31m (129ms)[0m
  [32m  ✓[0m[90m approvals: approve max (2^256 - 1)[0m[33m (58ms)[0m
  [32m  ✓[0m[90m approvals: msg.sender approves accounts[1] of max (2^256 - 1) & withdraws 20[0m[31m (229ms)[0m
  [32m  ✓[0m[90m allowance: should start with zero[0m[33m (38ms)[0m
  [32m  ✓[0m[90m allowance: should increase by 50 then decrease by 10[0m[31m (126ms)[0m
  [32m  ✓[0m[90m allowance: should be set to zero if decrease value is higher than existing[0m[31m (79ms)[0m
  [32m  ✓[0m[90m events: should fire Transfer event properly[0m
  [32m  ✓[0m[90m events: should fire Transfer event normally on a zero transfer[0m
  [32m  ✓[0m[90m events: should fire Approval event properly[0m

[0m  Contract: SafeMath[0m
  [32m  ✓[0m[90m multiplies correctly[0m[33m (45ms)[0m
  [32m  ✓[0m[90m adds correctly[0m[33m (44ms)[0m
  [32m  ✓[0m[90m subtracts correctly[0m[33m (40ms)[0m
  [32m  ✓[0m[90m should throw an error if subtraction result would be negative[0m
  [32m  ✓[0m[90m should throw an error on addition overflow[0m
  [32m  ✓[0m[90m should throw an error on multiplication overflow[0m

[0m  Contract: Gateway Interface[0m
  [32m  ✓[0m[90m initializes with empty properties[0m
[0m    requestCodeUpgrade()[0m
    [32m  ✓[0m[90m throws if address is empty ( 0x0 )[0m
    [32m  ✓[0m[90m throws if calling object misses the initialize() method[0m
    [32m  ✓[0m[90m throws if current Application cannot initialize Assets properly[0m[31m (162ms)[0m
    [32m  ✓[0m[90m links Application if valid[0m[31m (106ms)[0m
    [32m  ✓[0m[90m creates "Upgrade Proposal" if a previous Application is already linked[0m[31m (629ms)[0m
[0m    approveCodeUpgrade()[0m
    [32m  ✓[0m[90m throws if sender is not current Application[0m
    [32m  ✓[0m[90m works if sender is current Application[0m[31m (545ms)[0m
    [32m  ✓[0m[90m throws if current Application cannot transfer assets to new application[0m[31m (337ms)[0m
    [32m  ✓[0m[90m throws if current Application cannot initialize new application[0m[31m (555ms)[0m
    [32m  ✓[0m[90m throws if current Application cannot lock itself after transferring assets[0m[31m (563ms)[0m

[0m  Contract: Application Assets[0m
[0m    setInitialOwnerAndName()[0m
    [32m  ✓[0m[90m works if linking an asset for the first time[0m[31m (115ms)[0m
    [32m  ✓[0m[90m throws if already owned[0m[33m (60ms)[0m
[0m    applyAndLockSettings()[0m
    [32m  ✓[0m[90m works if called by deployer account and asset is not locked already[0m[31m (113ms)[0m
    [32m  ✓[0m[90m throws if called before initialization[0m
    [32m  ✓[0m[90m throws if called when settings are already applied[0m[31m (111ms)[0m
    [32m  ✓[0m[90m throws if not called by deployer's account[0m[33m (65ms)[0m
[0m    getApplicationAssetAddressByName()[0m
    [32m  ✓[0m[90m works if asset is initialized and owned by an application[0m[31m (130ms)[0m
    [32m  ✓[0m[90m works if asset has settings and they are applied[0m[31m (198ms)[0m
    [32m  ✓[0m[90m throws if asset name does not exist in the app's mapping[0m[31m (113ms)[0m
[0m    transferToNewOwner()[0m
    [32m  ✓[0m[90m works if current caller is owner and requested address is not 0x0[0m[31m (194ms)[0m
    [32m  ✓[0m[90m throws if called when internal owner address is invalid[0m
    [32m  ✓[0m[90m throws if owned and called by other address[0m[33m (65ms)[0m

[0m  Contract: Application Entity[0m
  [32m  ✓[0m[90m initializes with empty properties[0m[33m (65ms)[0m
  [32m  ✓[0m[90m initializes with deployer address properly[0m[31m (133ms)[0m
[0m    setBylawBytes32()[0m
    [32m  ✓[0m[90m sets and returns a bylaw bytes32 if not initialized[0m[31m (193ms)[0m
    [32m  ✓[0m[90m throws if if application is already initialized[0m[31m (94ms)[0m
[0m    getBylawBytes32()[0m
    [32m  ✓[0m[90m throws if application is not initialized[0m
    [32m  ✓[0m[90m returns correct value set by setBylawBytes32 if application is initialized[0m[31m (113ms)[0m
[0m    setBylawUint256()[0m
    [32m  ✓[0m[90m sets and returns a bylaw uint256 if not initialized[0m[31m (176ms)[0m
    [32m  ✓[0m[90m throws if if application is already initialized[0m[31m (94ms)[0m
[0m    application bylaws validation[0m
    [32m  ✓[0m[90m sets and returns all string and uint256 bylaws[0m[31m (1481ms)[0m
[0m    getBylawUint256()[0m
    [32m  ✓[0m[90m throws if application is not initialized[0m
    [32m  ✓[0m[90m returns correct value set by setBylaw if application is initialized[0m[31m (115ms)[0m
[0m    initialize()[0m
    [32m  ✓[0m[90m throws if called when already initialized[0m[33m (62ms)[0m
    [32m  ✓[0m[90m throws if called with owner missing ( gateway )[0m[33m (40ms)[0m
    [32m  ✓[0m[90m works if owner is set, and it's the one calling[0m[31m (79ms)[0m
[0m    lock()[0m
    [32m  ✓[0m[90m throws if sender is not gateway[0m
    [32m  ✓[0m[90m works if sender is gateway[0m[33m (72ms)[0m
[0m    linkToGateway()[0m
    [32m  ✓[0m[90m throws if called when owner already exists[0m[33m (38ms)[0m
    [32m  ✓[0m[90m throws if called when already initialized[0m[33m (43ms)[0m
    [32m  ✓[0m[90m will emit EventAppEntityReady on initial linking[0m[31m (94ms)[0m
    [32m  ✓[0m[90m will emit EventNewProposalCreated if a previous ApplicationEntity is already linked[0m[31m (615ms)[0m
[0m    addAsset[AssetName]()[0m
    [32m  ✓[0m[90m throws if called when already initialized[0m[31m (90ms)[0m
    [32m  ✓[0m[90m linking an asset will emit EventAppEntityInitAsset event[0m[31m (93ms)[0m
    [32m  ✓[0m[90m linking all assets will emit the same number of EventAppEntityInitAsset events[0m[31m (704ms)[0m
[0m    initializeAssetsToThisApplication()[0m
    [32m  ✓[0m[90m throws if not an asset[0m[31m (104ms)[0m
    [32m  ✓[0m[90m throws if caller is not gateway[0m[33m (41ms)[0m
[0m    acceptCodeUpgradeProposal()[0m
    [32m  ✓[0m[90m throws if caller is not Proposals Asset[0m[31m (143ms)[0m

[0m  Contract: Gateway and Application Integration[0m
  [32m  ✓[0m[90m initial deployment[0m[31m (134ms)[0m
  [32m  ✓[0m[90m first linking[0m[31m (180ms)[0m
[0m    Application upgrades[0m
    [32m  ✓[0m[90m first upgrade[0m[31m (636ms)[0m
    [32m  ✓[0m[90m second upgrade[0m[31m (1275ms)[0m

[0m  Contract: TokenManager Asset[0m
[0m    addTokenSettingsAndInit()[0m
    [32m  ✓[0m[90m properly sets up the tokens if initialized[0m[31m (135ms)[0m
    [32m  ✓[0m[90m properly sets up the Token SCADA[0m[31m (203ms)[0m
[0m    getTokenSCADARequiresHardCap()[0m
    [32m  ✓[0m[90m returns boolean value stored in SCADA Contract[0m[31m (110ms)[0m

[0m  Contract: ListingContract Asset[0m
[0m    addItem()[0m
    [32m  ✓[0m[90m throws if addItem caller is not applicationEntity[0m
    [32m  ✓[0m[90m works if caller is applicationEntity[0m[31m (139ms)[0m
[0m    getNewsContractAddress()[0m
    [32m  ✓[0m[90m throws if the child does not actually exist[0m
    [32m  ✓[0m[90m throws if the child itemAddress is invalid[0m[31m (126ms)[0m
    [32m  ✓[0m[90m returns a news contract address if the child is an actual ApplicationEntity[0m[31m (828ms)[0m
[0m    delistChild()[0m
    [32m  ✓[0m[90m throws if called by any address other than Proposals Asset[0m[33m (68ms)[0m
    [32m  ✓[0m[90m works if called by proposals asset, resulting in a child with status == false[0m[31m (104ms)[0m

[0m  Contract: NewsContract Asset[0m
[0m    addItem()[0m
    [32m  ✓[0m[90m throws if called by anyone else but the deployer address[0m
    [32m  ✓[0m[90m works if called by deployer address[0m[31m (112ms)[0m
[0m    addInternalMessage()[0m
    [32m  ✓[0m[90m throws if called by anyone else but the Application address[0m
    [32m  ✓[0m[90m works if called by Application address[0m[31m (92ms)[0m

[0m  Contract: Funding Vault[0m
  [32m  ✓[0m[90m initializes with empty properties[0m[31m (161ms)[0m
  [32m  ✓[0m[90m addPayment throws if not initialized[0m
[0m    initialize()[0m
    [32m  ✓[0m[90m throws if called when already initialized[0m[33m (46ms)[0m
    [32m  ✓[0m[90m works if settings are correct and has not been initialized before[0m[31m (165ms)[0m
[0m    addPayment()[0m
    [32m  ✓[0m[90m FUNDING_DIRECT_METHOD - works with correct settings and caller[0m[31m (210ms)[0m
    [32m  ✓[0m[90m FUNDING_MILESTONE_METHOD - works with correct settings and caller[0m[31m (231ms)[0m
    [32m  ✓[0m[90m throws if msg.value is missing[0m
    [32m  ✓[0m[90m throws if payment method does not exist[0m
    [32m  ✓[0m[90m throws if called by other address than manager (funding contract)[0m
    [32m  ✓[0m[90m handles multiple payments, irregardless of funding method provided[0m[31m (131ms)[0m

[0m  Contract: Funding Asset[0m
  [32m  ✓[0m[90m deploys with no Funding Stages[0m
  [32m  ✓[0m[90m deploys with no multiSigOutputAddress[0m
  [32m  ✓[0m[90m deploys with no Funding Inputs[0m[31m (187ms)[0m
  [32m  ✓[0m[90m has Funding Inputs once initialized[0m[33m (62ms)[0m
[0m    addSettings()[0m
    [32m  ✓[0m[90m throws if called when settings are locked[0m[31m (106ms)[0m
    [32m  ✓[0m[90m throws if global soft cap is greater than global hard cap[0m
    [32m  ✓[0m[90m properly sets up the funding settings[0m[31m (107ms)[0m
[0m    first funding stage[0m
    [32m  ✓[0m[90m successfully creates a funding stage with proper settings[0m[31m (93ms)[0m
    [32m  ✓[0m[90m throws if end time is before or equal to start time[0m[33m (39ms)[0m
    [32m  ✓[0m[90m throws if token selling percentage is higher than 100%[0m[33m (44ms)[0m
[0m      SCADA Disallows Record Hard Cap, Requires Globals[0m
      [32m  ✓[0m[90m throws if soft cap exists[0m[33m (40ms)[0m
      [32m  ✓[0m[90m throws if hard cap exists[0m[33m (41ms)[0m
      [32m  ✓[0m[90m works if hard cap and soft cap is 0[0m[31m (101ms)[0m
[0m      when at least 1 funding stage already exists[0m
      [32m  ✓[0m[90m successfully creates the second funding stage with proper settings[0m[31m (110ms)[0m
      [32m  ✓[0m[90m throws if new funding stage start time overlaps existing stage[0m[33m (49ms)[0m
      [32m  ✓[0m[90m throws if new funding stage + existing stage sell more than 100% of tokens[0m[33m (43ms)[0m
[0m    funding stages added, asset initialized[0m
    [32m  ✓[0m[90m has correct Funding Inputs after ApplicationEntity grabs asset ownership and initializes it[0m
[0m      receivePayment()[0m
      [32m  ✓[0m[90m throws if called directly in the Funding contract[0m
      [32m  ✓[0m[90m throws if caller is not funding asset[0m
      [32m  ✓[0m[90m throws if _payment_method is not allowed[0m[31m (116ms)[0m
[0m      canAcceptPayment()[0m
      [32m  ✓[0m[90m returns false if CurrentEntityState is not IN_PROGRESS[0m
[0m        CurrentEntityState is IN_PROGRESS[0m
        [32m  ✓[0m[90m returns false if ETH value is 0[0m
        [32m  ✓[0m[90m returns false if ETH value is smaller than minimum entry[0m[31m (291ms)[0m
        [32m  ✓[0m[90m returns false if any State changes are required[0m[31m (472ms)[0m
[0m      Funding State: IN_PROGRESS[0m
[0m        Funding Input: All[0m
        [32m  ✓[0m[90m has correct FundingAssetAddress[0m
        [32m  ✓[0m[90m throws if msg.value is missing[0m
        [32m  ✓[0m[90m throws if FundingAssetAddress is not set[0m[33m (56ms)[0m
        [32m  ✓[0m[90m throws if FundingAsset is not pointing to a Contract[0m[33m (44ms)[0m
[0m          Funding Input: Direct[0m
          [32m  ✓[0m[90m has correct type id = 1[0m
[1;37m      ↓ Direct Payment: GAS USAGE: [0;35m8279482 [0m
          [32m  ✓[0m[90m accepts payments using fallback () method and stores in valut's direct pool[0m[31m (389ms)[0m
[1;37m      ↓ First Direct Payment: GAS USAGE: [0;35m8279482 [0m
[1;37m      ↓ Second Direct Payment: GAS USAGE: [0;35m348649 [0m
          [32m  ✓[0m[90m accepts second payment from same investor[0m[31m (642ms)[0m
          [32m  ✓[0m[90m accepts second payment from same investor using both payment methods ( Direct & Milestone )[0m[31m (633ms)[0m
[0m          Funding Input: Milestone[0m
          [32m  ✓[0m[90m has correct type id = 2[0m
[1;37m      ↓ Milestone Payment: GAS USAGE: [0;35m8279495 [0m
          [32m  ✓[0m[90m accepts payments using fallback () method and stores in valut's milestone pool[0m[31m (468ms)[0m

[0m  Contract: Funding Asset - States[0m
  [32m  ✓[0m[90m starts with state as New and requires a change to WAITING if current time is before any funding stage[0m[31m (209ms)[0m
  [32m  ✓[0m[90m handles ENTITY state change from NEW to WAITING when funding does not start yet[0m[31m (527ms)[0m
  [32m  ✓[0m[90m starts with state as New and has correct Token Balance once in WAITING state[0m[31m (440ms)[0m
  [32m  ✓[0m[90m handles ENTITY state change from NEW or WAITING to IN_PROGRESS when funding time start has passed[0m[31m (453ms)[0m
  [32m  ✓[0m[90m is in IN_PROGRESS, receives payments, pre_ico time passes, should Require change to COOLDOWN[0m[31m (1111ms)[0m
  [32m  ✓[0m[90m handles ENTITY state change from IN_PROGRESS to COOLDOWN when funding period time start has passed[0m[31m (1128ms)[0m
  [32m  ✓[0m[90m is in COOLDOWN, ico start time passes, should Require change to IN_PROGRESS[0m[31m (1359ms)[0m
  [32m  ✓[0m[90m handles ENTITY state change from COOLDOWN to IN_PROGRESS when next funding period time start has passed[0m[31m (1565ms)[0m
  [32m  ✓[0m[90m is IN_PROGRESS, ico end time passes, should Require change to FUNDING_ENDED[0m[31m (2026ms)[0m
[0m    handles ENTITY state change from IN_PROGRESS when last funding period time end has passed[0m
    [32m  ✓[0m[90m to FAILED when payments did not reach soft cap[0m[31m (2219ms)[0m
    [32m  ✓[0m[90m to SUCCESSFUL when payments reached soft cap[0m[31m (2261ms)[0m
[0m    handles ENTITY state change from IN_PROGRESS when Hard Cap is Reached[0m
    [32m  ✓[0m[90m to SUCCESSFUL when payments reached hard cap in first funding stage (pre-ico)[0m[31m (3370ms)[0m
    [32m  ✓[0m[90m to SUCCESSFUL when payments reached hard cap in last funding stage (ico)[0m[31m (3040ms)[0m
[0m    FundingManager Tasks[0m
    [32m  ✓[0m[90m handles ENTITY state change from FAILED to FAILED_FINAL after FundingManager Task Process finished[0m[31m (5075ms)[0m
    [32m  ✓[0m[90m handles ENTITY state change from SUCCESSFUL to SUCCESSFUL_FINAL after FundingManager Task Process finished[0m[31m (14577ms)[0m
[0m    misc for extra coverage[0m
    [32m  ✓[0m[90m isFundingStageUpdateAllowed returns false if not allowed[0m[31m (432ms)[0m
    [32m  ✓[0m[90m should run doStateChanges even if no changes are required[0m[31m (330ms)[0m

[0m  Contract: FundingManager Asset[0m
  [32m  ✓[0m[90m receivePayment() throws if caller is not funding asset[0m[33m (38ms)[0m
[0m    FundingEndedProcessVaultList()[0m
    [32m  ✓[0m[90m vaultNum has correct number of payments[0m
    [32m  ✓[0m[90m throws if Funding State is not "FUNDING_ENDED"[0m
    [32m  ✓[0m[90m Funding State is "FUNDING_ENDED"[0m[31m (3461ms)[0m
[0m    states[0m
    [32m  ✓[0m[90m starts with state as New and requires a change to WAITING[0m[31m (90ms)[0m
    [32m  ✓[0m[90m handles ENTITY state change from NEW to WAITING[0m[31m (1304ms)[0m
    [32m  ✓[0m[90m handles ENTITY state change from NEW or WAITING to FUNDING_FAILED_DONE when funding state is FAILED [0m[31m (7903ms)[0m
[0m      Funding ends, has payments, but does not reach Soft Cap[0m
      [32m  ✓[0m[90m handles ENTITY state change to FUNDING_FAILED_DONE, and processes all vaults[0m[31m (7780ms)[0m
[0m      Funding ends, has payments, and Soft Cap is reached[0m
      [32m  ✓[0m[90m handles ENTITY state change to FUNDING_SUCCESSFUL_DONE, and processes all vaults[0m[31m (7154ms)[0m

[0m  Contract: FundingManager Asset[0m
[0m    Successful funding - Token distribution[0m
[0m      Milestone Payments only[0m
      [32m  ✓[0m[90m SoftCap reached in pre-ico, 1 payment, 1 payment in pre-ico, 0 payments in ico[0m[31m (7622ms)[0m
      [32m  ✓[0m[90m SoftCap reached in ico, 1 payment, 1 account, 0 payments in pre-ico, 1 payment in ico[0m[31m (6453ms)[0m
      [32m  ✓[0m[90m SoftCap reached in pre-ico, 2 payments, 1 account, 1 payment in pre-ico, 1 payment in ico[0m[31m (8800ms)[0m
      [32m  ✓[0m[90m SoftCap reached in ico, 2 payments, 1 account, 1 payment in pre-ico, 1 payment in ico[0m[31m (8747ms)[0m
      [32m  ✓[0m[90m SoftCap reached in pre-ico, 2 payments, 2 accounts, 1 payment in pre-ico (account 1), 1 payment in ico (account 2)[0m[31m (9178ms)[0m
      [32m  ✓[0m[90m SoftCap reached in ico, 2 payments, 2 accounts, 1 payment in pre-ico (account 1), 1 payment in ico (account 2)[0m[31m (9331ms)[0m
[0m      Mixed Direct and Milestone Payments[0m
      [32m  ✓[0m[90m SoftCap reached in pre-ico, 4 payments, 2 accounts, 2 payment in pre-ico (account 1/2), 2 payment in ico (account 1/2)[0m[31m (10106ms)[0m
[0m    misc for extra coverage[0m
    [32m  ✓[0m[90m should run doStateChanges even if no changes are required[0m[31m (1820ms)[0m
    [32m  ✓[0m[90m SCADA - getTokenFraction() should run 0 if my amount is 0[0m[31m (4994ms)[0m
    [32m  ✓[0m[90m SCADA - getUnsoldTokenFraction() should run 0 if my amount is 0[0m[31m (4954ms)[0m
    [32m  ✓[0m[90m SCADA - initCacheForVariables() throws if called by other than FundingManager[0m[31m (4917ms)[0m

[0m  Contract: Milestones Asset - Settings NOT Locked[0m
  [32m  ✓[0m[90m starts with state as New and requires a change to WAITING if current time is before development start[0m[31m (203ms)[0m
[0m    addRecord()[0m
    [32m  ✓[0m[90m works if settings are not already locked[0m[33m (74ms)[0m
    [32m  ✓[0m[90m throws if settings are locked[0m[31m (272ms)[0m

[0m  Contract: Milestones Asset - Settings Locked[0m
[0m    states[0m
    [32m  ✓[0m[90m handles ENTITY state change from WAITING to WAITING_MEETING_TIME when current time is after development start[0m[31m (3152ms)[0m
    [32m  ✓[0m[90m handles ENTITY state change from WAITING_MEETING_TIME to DEADLINE_MEETING_TIME_FAILED when current time is after milestone end, and meeting time was not set[0m[31m (4410ms)[0m
    [32m  ✓[0m[90m handles ENTITY state change from WAITING_MEETING_TIME to DEADLINE_MEETING_TIME_YES when current time is after milestone end, and meeting time was set[0m[31m (4443ms)[0m
    [32m  ✓[0m[90m handles ENTITY state change from DEADLINE_MEETING_TIME_YES to VOTING_IN_PROGRESS when current time is after meeting time[0m[31m (6191ms)[0m

[0m  Contract: Proposals Asset - Settings Locked[0m
  [32m  ✓[0m[90m Asset deploys and initialises properly[0m
[0m    proposal creation[0m
[0m      type 1 - IN_DEVELOPMENT_CODE_UPGRADE - Voting Type - Milestone[0m
      [32m  ✓[0m[90m throws if called by any address other than ApplicationEntity[0m
      [32m  ✓[0m[90m creates the proposal if called by the current ApplicationEntity[0m[31m (330ms)[0m
[0m      type 2 - MILESTONE_DEADLINE - Voting Type - Milestone[0m
      [32m  ✓[0m[90m throws if called by any address other than MilestoneAsset[0m[33m (38ms)[0m
      [32m  ✓[0m[90m creates the proposal if called by the current MilestoneAsset[0m[31m (245ms)[0m
[0m      type 3 - MILESTONE_POSTPONING - Voting Type - Milestone[0m
      [32m  ✓[0m[90m throws if called by any address other than deployer[0m
      [32m  ✓[0m[90m throws if duration is not higher than min postponing bylaw[0m[33m (64ms)[0m
      [32m  ✓[0m[90m throws if duration is higher than max postponing bylaw[0m[33m (67ms)[0m
      [32m  ✓[0m[90m creates the proposal if called by the current deployer with correct duration[0m[31m (243ms)[0m
[0m      type 4 - EMERGENCY_FUND_RELEASE - Voting Type - Milestone[0m
      [32m  ✓[0m[90m throws if called by any address other than deployer[0m
      [32m  ✓[0m[90m creates the proposal if called by the current deployer[0m[31m (233ms)[0m
[0m      misc for extra coverage[0m
      [32m  ✓[0m[90m getRequiredStateChanges[0m
      [32m  ✓[0m[90m hasRequiredStateChanges[0m
      [32m  ✓[0m[90m process[0m
      [32m  ✓[0m[90m getMyVote[0m
      [32m  ✓[0m[90m getProposalState[0m
      [32m  ✓[0m[90m getBylawsMilestoneMinPostponing[0m[33m (59ms)[0m
      [32m  ✓[0m[90m getBylawsMilestoneMaxPostponing[0m[33m (57ms)[0m
      [32m  ✓[0m[90m getVotingPower for non existent investor[0m[33m (73ms)[0m

[0m  Contract: Proposals Asset - Type 1 - IN_DEVELOPMENT_CODE_UPGRADE[0m
  [32m  ✓[0m[90m current proposal matches IN_DEVELOPMENT_CODE_UPGRADE settings[0m[31m (96ms)[0m

[0m  Contract: Proposals Asset - Type 2 - MILESTONE_DEADLINE[0m
  [32m  ✓[0m[90m current proposal matches MILESTONE_DEADLINE settings[0m[31m (102ms)[0m
  [32m  ✓[0m[90m throws if MILESTONE_DEADLINE proposal was already created once[0m[33m (65ms)[0m
[0m    Proposal Created - Voting Started[0m
    [32m  ✓[0m[90m throws if trying to vote on a non existing proposal[0m[33m (50ms)[0m
    [32m  ✓[0m[90m throws if trying to vote on a the proposal while having no stake in it[0m[33m (46ms)[0m
    [32m  ✓[0m[90m Registers a valid vote if voter has a stake in the proposal, does not close voting if stake is lower than 50%[0m[31m (247ms)[0m
    [32m  ✓[0m[90m Registers a valid vote if voter has a stake in the proposal, closes voting if stake is higher than 50%[0m[31m (310ms)[0m
    [32m  ✓[0m[90m first vote NO stake below 50%, second vote YES above 50%, closes as VOTING_RESULT_YES[0m[31m (467ms)[0m
    [32m  ✓[0m[90m first vote NO stake below 50%, second vote NO above 50%, closes as VOTING_RESULT_NO[0m[31m (333ms)[0m
    [32m  ✓[0m[90m YES Vote, Annuls and registers a new valid vote if voter already voted, has a stake in the proposal, and proposal is not closed[0m[31m (421ms)[0m
    [32m  ✓[0m[90m NO Vote, Annuls and registers a new valid vote if voter already voted, has a stake in the proposal, and proposal is not closed[0m[31m (442ms)[0m
    [32m  ✓[0m[90m While more than 1 proposal is active, properly re-indexes active proposals once one is closed[0m[31m (610ms)[0m
[0m      Voting Successful[0m
      [32m  ✓[0m[90m throws if trying to vote on a the proposal that has already been finalised[0m[33m (47ms)[0m
      [32m  ✓[0m[90m FundingManagerAsset state processed, releases ether to owner, tokens to investors, validates balances[0m[31m (7490ms)[0m

[0m  Contract: Proposals Asset - Type 4 - EMERGENCY_FUND_RELEASE[0m
  [32m  ✓[0m[90m current proposal matches EMERGENCY_FUND_RELEASE settings[0m[31m (100ms)[0m
  [32m  ✓[0m[90m throws if EMERGENCY_FUND_RELEASE proposal was already created once[0m
[0m    Proposal Created - Voting Started[0m
    [32m  ✓[0m[90m throws if trying to vote on a non existing proposal[0m[33m (66ms)[0m
    [32m  ✓[0m[90m throws if trying to vote on a the proposal while having no stake in it[0m[33m (46ms)[0m
    [32m  ✓[0m[90m Registers a valid vote if voter has a stake in the proposal, does not close voting if stake is lower than 50%[0m[31m (244ms)[0m
    [32m  ✓[0m[90m Registers a valid vote if voter has a stake in the proposal, closes voting if stake is higher than 50%[0m[31m (297ms)[0m
    [32m  ✓[0m[90m first vote NO stake below 50%, second vote YES above 50%, closes as VOTING_RESULT_YES[0m[31m (536ms)[0m
    [32m  ✓[0m[90m first vote NO stake below 50%, second vote NO above 50%, closes as VOTING_RESULT_NO[0m[31m (332ms)[0m
    [32m  ✓[0m[90m YES Vote, Annuls and registers a new valid vote if voter already voted, has a stake in the proposal, and proposal is not closed[0m[31m (422ms)[0m
    [32m  ✓[0m[90m NO Vote, Annuls and registers a new valid vote if voter already voted, has a stake in the proposal, and proposal is not closed[0m[31m (414ms)[0m
    [32m  ✓[0m[90m While more than 1 proposal is active, properly re-indexes active proposals once one is closed[0m[31m (623ms)[0m
[0m      Voting Successful[0m
      [32m  ✓[0m[90m throws if trying to vote on a the proposal that has already been finalised[0m[33m (48ms)[0m
      [32m  ✓[0m[90m FundingManagerAsset state processed, releases ether to owner, tokens to investors, validates balances[0m[31m (4475ms)[0m


[92m [0m[32m 233 passing[0m[90m (10m)[0m

----------------------------|----------|----------|----------|----------|----------------|
File                        |  % Stmts | % Branch |  % Funcs |  % Lines |Uncovered Lines |
----------------------------|----------|----------|----------|----------|----------------|
 contracts/                 |    94.06 |    83.33 |    92.96 |    93.64 |                |
  ApplicationAsset.sol      |     90.7 |       85 |     87.5 |     90.2 |... 158,159,179 |
  ApplicationEntity.sol     |    95.45 |    83.33 |    97.44 |       95 |... 399,453,568 |
  ApplicationEntityABI.sol  |      100 |      100 |      100 |      100 |                |
  GatewayInterface.sol      |    92.59 |    81.25 |     87.5 |     93.1 |        124,137 |
 contracts/Algorithms/      |      100 |    88.24 |      100 |      100 |                |
  TokenSCADA1Market.sol     |      100 |      100 |      100 |      100 |                |
  TokenSCADAGeneric.sol     |      100 |    88.24 |      100 |      100 |                |
 contracts/Entity/          |    87.63 |    75.44 |    91.55 |    87.07 |                |
  Funding.sol               |     99.4 |    95.56 |      100 |    99.39 |            341 |
  FundingManager.sol        |    88.46 |    78.81 |    94.74 |    88.34 |... 476,477,479 |
  FundingVault.sol          |    84.85 |       62 |    88.24 |    83.93 |... 398,425,426 |
  GeneralVault.sol          |      100 |      100 |      100 |      100 |                |
  ListingContract.sol       |      100 |      100 |      100 |      100 |                |
  Meetings.sol              |      100 |      100 |      100 |      100 |                |
  Milestones.sol            |    87.08 |       74 |    83.33 |    86.59 |... 519,520,530 |
  NewsContract.sol          |      100 |      100 |      100 |      100 |                |
  Proposals.sol             |    78.57 |    58.54 |    91.67 |    78.13 |... 589,590,671 |
  Token.sol                 |    90.91 |       75 |      100 |       80 |             49 |
  TokenManager.sol          |    66.67 |       25 |       80 |    64.71 |... 7,98,99,100 |
 contracts/Inputs/          |      100 |      100 |      100 |      100 |                |
  FundingInputDirect.sol    |      100 |      100 |      100 |      100 |                |
  FundingInputGeneral.sol   |      100 |      100 |      100 |      100 |                |
  FundingInputMilestone.sol |      100 |      100 |      100 |      100 |                |
 contracts/zeppelin/math/   |      100 |    66.67 |      100 |      100 |                |
  SafeMath.sol              |      100 |    66.67 |      100 |      100 |                |
 contracts/zeppelin/token/  |      100 |      100 |      100 |      100 |                |
  BasicToken.sol            |      100 |      100 |      100 |      100 |                |
  ERC20.sol                 |      100 |      100 |      100 |      100 |                |
  ERC20Basic.sol            |      100 |      100 |      100 |      100 |                |
  StandardToken.sol         |      100 |      100 |      100 |      100 |                |
----------------------------|----------|----------|----------|----------|----------------|
All files                   |     90.2 |    78.03 |    93.17 |    89.88 |                |
----------------------------|----------|----------|----------|----------|----------------|

Istanbul coverage reports generated
Cleaning up...
